e:\documents\visual studio 2015\projects\vs2015c++\polycode\asteroids deluxe\debug\asteroidsdeluxe.lib
e:\documents\visual studio 2015\projects\vs2015c++\polycode\asteroids deluxe\debug\asteroidsdeluxe.exp
e:\documents\visual studio 2015\projects\vs2015c++\polycode\asteroids deluxe\asteroidsdeluxe\debug\vc120.pdb
e:\documents\visual studio 2015\projects\vs2015c++\polycode\asteroids deluxe\asteroidsdeluxe\debug\vc120.idb
e:\documents\visual studio 2015\projects\vs2015c++\polycode\asteroids deluxe\asteroidsdeluxe\debug\enemyship.obj
e:\documents\visual studio 2015\projects\vs2015c++\polycode\asteroids deluxe\asteroidsdeluxe\debug\enemycontroller.obj
e:\documents\visual studio 2015\projects\vs2015c++\polycode\asteroids deluxe\asteroidsdeluxe\debug\player.obj
e:\documents\visual studio 2015\projects\vs2015c++\polycode\asteroids deluxe\asteroidsdeluxe\debug\ufo.obj
e:\documents\visual studio 2015\projects\vs2015c++\polycode\asteroids deluxe\asteroidsdeluxe\debug\ufocontrol.obj
e:\documents\visual studio 2015\projects\vs2015c++\polycode\asteroids deluxe\asteroidsdeluxe\debug\enemypod.obj
e:\documents\visual studio 2015\projects\vs2015c++\polycode\asteroids deluxe\asteroidsdeluxe\debug\rock.obj
e:\documents\visual studio 2015\projects\vs2015c++\polycode\asteroids deluxe\asteroidsdeluxe\debug\asteroids.obj
e:\documents\visual studio 2015\projects\vs2015c++\polycode\asteroids deluxe\asteroidsdeluxe\debug\winmain.obj
e:\documents\visual studio 2015\projects\vs2015c++\polycode\asteroids deluxe\debug\asteroidsdeluxe.ilk
e:\documents\visual studio 2015\projects\vs2015c++\polycode\asteroids deluxe\debug\asteroidsdeluxe.exe
e:\documents\visual studio 2015\projects\vs2015c++\polycode\asteroids deluxe\debug\asteroidsdeluxe.pdb
e:\documents\visual studio 2015\projects\vs2015c++\polycode\asteroids deluxe\asteroidsdeluxe\debug\resource.res
e:\documents\visual studio 2015\projects\vs2015c++\polycode\asteroids deluxe\asteroidsdeluxe\debug\clear.obj
e:\documents\visual studio 2015\projects\vs2015c++\polycode\asteroids deluxe\asteroidsdeluxe\debug\dot.obj
e:\documents\visual studio 2015\projects\vs2015c++\polycode\asteroids deluxe\asteroidsdeluxe\debug\enemypair.obj
e:\documents\visual studio 2015\projects\vs2015c++\polycode\asteroids deluxe\asteroidsdeluxe\debug\explosion.obj
e:\documents\visual studio 2015\projects\vs2015c++\polycode\asteroids deluxe\asteroidsdeluxe\debug\hud.obj
e:\documents\visual studio 2015\projects\vs2015c++\polycode\asteroids deluxe\asteroidsdeluxe\debug\location.obj
e:\documents\visual studio 2015\projects\vs2015c++\polycode\asteroids deluxe\asteroidsdeluxe\debug\random.obj
e:\documents\visual studio 2015\projects\vs2015c++\polycode\asteroids deluxe\asteroidsdeluxe\debug\rockcontrol.obj
e:\documents\visual studio 2015\projects\vs2015c++\polycode\asteroids deluxe\asteroidsdeluxe\debug\shot.obj
e:\documents\visual studio 2015\projects\vs2015c++\polycode\asteroids deluxe\asteroidsdeluxe\debug\asteroidsdeluxe.tlog\asteroidsdeluxe.write.1u.tlog
e:\documents\visual studio 2015\projects\vs2015c++\polycode\asteroids deluxe\asteroidsdeluxe\debug\asteroidsdeluxe.tlog\cl.command.1.tlog
e:\documents\visual studio 2015\projects\vs2015c++\polycode\asteroids deluxe\asteroidsdeluxe\debug\asteroidsdeluxe.tlog\cl.read.1.tlog
e:\documents\visual studio 2015\projects\vs2015c++\polycode\asteroids deluxe\asteroidsdeluxe\debug\asteroidsdeluxe.tlog\cl.write.1.tlog
e:\documents\visual studio 2015\projects\vs2015c++\polycode\asteroids deluxe\asteroidsdeluxe\debug\asteroidsdeluxe.tlog\link.command.1.tlog
e:\documents\visual studio 2015\projects\vs2015c++\polycode\asteroids deluxe\asteroidsdeluxe\debug\asteroidsdeluxe.tlog\link.read.1.tlog
e:\documents\visual studio 2015\projects\vs2015c++\polycode\asteroids deluxe\asteroidsdeluxe\debug\asteroidsdeluxe.tlog\link.write.1.tlog
e:\documents\visual studio 2015\projects\vs2015c++\polycode\asteroids deluxe\asteroidsdeluxe\debug\asteroidsdeluxe.tlog\rc.command.1.tlog
e:\documents\visual studio 2015\projects\vs2015c++\polycode\asteroids deluxe\asteroidsdeluxe\debug\asteroidsdeluxe.tlog\rc.read.1.tlog
e:\documents\visual studio 2015\projects\vs2015c++\polycode\asteroids deluxe\asteroidsdeluxe\debug\asteroidsdeluxe.tlog\rc.write.1.tlog
