Build started 9/17/2015 2:05:16 AM.
     1>Project "E:\Documents\Visual Studio 2015\Projects\VS2015C++\PolyCode\Asteroids Deluxe\AsteroidsDeluxe\Asteroids.vcxproj" on node 2 (Build target(s)).
     1>ClCompile:
         C:\Program Files (x86)\Microsoft Visual Studio 12.0\VC\bin\CL.exe /c /I"E:\Documents\Visual Studio 2015\Projects\VS2015C++\PolyCode\Asteroids Deluxe\..\Polycode\Release\Windows\Framework\Core\include" /I"E:\Documents\Visual Studio 2015\Projects\VS2015C++\PolyCode\Asteroids Deluxe\..\Polycode\Release\Windows\Framework\Core\PolycodeView" /I"E:\Documents\Visual Studio 2015\Projects\VS2015C++\PolyCode\Asteroids Deluxe\..\Polycode\Release\Windows\Framework\Core\Dependencies\include" /I"E:\Documents\Visual Studio 2015\Projects\VS2015C++\PolyCode\Asteroids Deluxe\..\Polycode\Release\Windows\Framework\Core\Dependencies\include\freetype2" /I"E:\Documents\Visual Studio 2015\Projects\VS2015C++\PolyCode\Asteroids Deluxe\..\Polycode\Release\Windows\Framework\Core\Dependencies\include\AL" /I"E:\Documents\Visual Studio 2015\Projects\VS2015C++\PolyCode\Asteroids Deluxe\..\Polycode\Release\Windows\Framework\Modules\include" /I"E:\Documents\Visual Studio 2015\Projects\VS2015C++\PolyCode\Asteroids Deluxe\..\Polycode\Release\Windows\Framework\Modules\Dependencies\include" /I"E:\Documents\Visual Studio 2015\Projects\VS2015C++\PolyCode\Asteroids Deluxe\..\Polycode\Release\Windows\Framework\Modules\Dependencies\include\bullet" /I"E:\Documents\Visual Studio 2015\Projects\VS2015C++\PolyCode\Asteroids Deluxe\..\Polycode\Release\Windows\Framework\Modules\Dependencies\include\Box2D" /ZI /nologo /W3 /WX- /Od /Oy- /D WIN32 /D _DEBUG /D _WINDOWS /D _UNICODE /D UNICODE /Gm /EHsc /RTC1 /MDd /GS /fp:precise /Zc:wchar_t /Zc:forScope /Fo"Debug\\" /Fd"Debug\vc120.pdb" /Gd /TP /analyze- /errorReport:prompt Asteroids.cpp EnemyController.cpp EnemyPod.cpp EnemyShip.cpp WinMain.cpp
         EnemyShip.cpp
         Generating Code...
         Compiling...
         EnemyController.cpp
         Generating Code...
         Skipping... (no relevant changes detected)
         WinMain.cpp
         EnemyPod.cpp
         Asteroids.cpp
       Link:
         C:\Program Files (x86)\Microsoft Visual Studio 12.0\VC\bin\link.exe /ERRORREPORT:PROMPT /OUT:"E:\Documents\Visual Studio 2015\Projects\VS2015C++\PolyCode\Asteroids Deluxe\Debug\AsteroidsDeluxe.exe" /INCREMENTAL /NOLOGO /LIBPATH:"E:\Documents\Visual Studio 2015\Projects\VS2015C++\PolyCode\Asteroids Deluxe\..\Polycode\Release\Windows\Framework\Core\lib" /LIBPATH:"E:\Documents\Visual Studio 2015\Projects\VS2015C++\PolyCode\Asteroids Deluxe\..\Polycode\Release\Windows\Framework\Core\Dependencies\lib" /LIBPATH:"E:\Documents\Visual Studio 2015\Projects\VS2015C++\PolyCode\Asteroids Deluxe\..\Polycode\Release\Windows\Framework\Modules\lib" /LIBPATH:"E:\Documents\Visual Studio 2015\Projects\VS2015C++\PolyCode\Asteroids Deluxe\..\Polycode\Release\Windows\Framework\Modules\Dependencies\lib" Polycore_d.lib Polycode3DPhysics_d.lib BulletDynamics_d.lib BulletCollision_d.lib LinearMath_d.lib winmm.lib ws2_32.lib opengl32.lib glu32.lib zlibd.lib freetype_d.lib liboggd.lib libvorbisd.lib libvorbisfiled.lib OpenAL32d.lib kernel32.lib physfsd.lib libpng15_staticd.lib user32.lib gdi32.lib winspool.lib comdlg32.lib advapi32.lib shell32.lib ole32.lib oleaut32.lib uuid.lib odbc32.lib odbccp32.lib kernel32.lib user32.lib gdi32.lib winspool.lib comdlg32.lib advapi32.lib shell32.lib ole32.lib oleaut32.lib uuid.lib odbc32.lib odbccp32.lib /MANIFEST /MANIFESTUAC:"level='asInvoker' uiAccess='false'" /manifest:embed /DEBUG /PDB:"E:\Documents\Visual Studio 2015\Projects\VS2015C++\PolyCode\Asteroids Deluxe\Debug\AsteroidsDeluxe.pdb" /SUBSYSTEM:WINDOWS /TLBID:1 /DYNAMICBASE /NXCOMPAT /IMPLIB:"E:\Documents\Visual Studio 2015\Projects\VS2015C++\PolyCode\Asteroids Deluxe\Debug\AsteroidsDeluxe.lib" /MACHINE:X86 Debug\Resource.res
         Debug\Asteroids.obj
         Debug\Clear.obj
         Debug\Dot.obj
         Debug\EnemyShip.obj
         Debug\EnemyController.obj
         Debug\EnemyPair.obj
         Debug\EnemyPod.obj
         Debug\Explosion.obj
         Debug\HUD.obj
         Debug\Location.obj
         Debug\Player.obj
         Debug\Random.obj
         Debug\Rock.obj
         Debug\RockControl.obj
         Debug\Shot.obj
         Debug\UFO.obj
         Debug\UFOControl.obj
         Debug\WinMain.obj
            Creating library E:\Documents\Visual Studio 2015\Projects\VS2015C++\PolyCode\Asteroids Deluxe\Debug\AsteroidsDeluxe.lib and object E:\Documents\Visual Studio 2015\Projects\VS2015C++\PolyCode\Asteroids Deluxe\Debug\AsteroidsDeluxe.exp
     1>Polycore_d.lib(OSBasics.obj) : warning LNK4099: PDB 'vc120.pdb' was not found with 'Polycore_d.lib(OSBasics.obj)' or at 'E:\Documents\Visual Studio 2015\Projects\VS2015C++\PolyCode\Asteroids Deluxe\Debug\vc120.pdb'; linking object as if no debug info
     1>Polycore_d.lib(PolyBezierCurve.obj) : warning LNK4099: PDB 'vc120.pdb' was not found with 'Polycore_d.lib(PolyBezierCurve.obj)' or at 'E:\Documents\Visual Studio 2015\Projects\VS2015C++\PolyCode\Asteroids Deluxe\Debug\vc120.pdb'; linking object as if no debug info
     1>Polycore_d.lib(PolyBone.obj) : warning LNK4099: PDB 'vc120.pdb' was not found with 'Polycore_d.lib(PolyBone.obj)' or at 'E:\Documents\Visual Studio 2015\Projects\VS2015C++\PolyCode\Asteroids Deluxe\Debug\vc120.pdb'; linking object as if no debug info
     1>Polycore_d.lib(PolyCamera.obj) : warning LNK4099: PDB 'vc120.pdb' was not found with 'Polycore_d.lib(PolyCamera.obj)' or at 'E:\Documents\Visual Studio 2015\Projects\VS2015C++\PolyCode\Asteroids Deluxe\Debug\vc120.pdb'; linking object as if no debug info
     1>Polycore_d.lib(PolyColor.obj) : warning LNK4099: PDB 'vc120.pdb' was not found with 'Polycore_d.lib(PolyColor.obj)' or at 'E:\Documents\Visual Studio 2015\Projects\VS2015C++\PolyCode\Asteroids Deluxe\Debug\vc120.pdb'; linking object as if no debug info
     1>Polycore_d.lib(PolyConfig.obj) : warning LNK4099: PDB 'vc120.pdb' was not found with 'Polycore_d.lib(PolyConfig.obj)' or at 'E:\Documents\Visual Studio 2015\Projects\VS2015C++\PolyCode\Asteroids Deluxe\Debug\vc120.pdb'; linking object as if no debug info
     1>Polycore_d.lib(PolyCore.obj) : warning LNK4099: PDB 'vc120.pdb' was not found with 'Polycore_d.lib(PolyCore.obj)' or at 'E:\Documents\Visual Studio 2015\Projects\VS2015C++\PolyCode\Asteroids Deluxe\Debug\vc120.pdb'; linking object as if no debug info
     1>Polycore_d.lib(PolyCoreInput.obj) : warning LNK4099: PDB 'vc120.pdb' was not found with 'Polycore_d.lib(PolyCoreInput.obj)' or at 'E:\Documents\Visual Studio 2015\Projects\VS2015C++\PolyCode\Asteroids Deluxe\Debug\vc120.pdb'; linking object as if no debug info
     1>Polycore_d.lib(PolyCoreServices.obj) : warning LNK4099: PDB 'vc120.pdb' was not found with 'Polycore_d.lib(PolyCoreServices.obj)' or at 'E:\Documents\Visual Studio 2015\Projects\VS2015C++\PolyCode\Asteroids Deluxe\Debug\vc120.pdb'; linking object as if no debug info
     1>Polycore_d.lib(PolyCubemap.obj) : warning LNK4099: PDB 'vc120.pdb' was not found with 'Polycore_d.lib(PolyCubemap.obj)' or at 'E:\Documents\Visual Studio 2015\Projects\VS2015C++\PolyCode\Asteroids Deluxe\Debug\vc120.pdb'; linking object as if no debug info
     1>Polycore_d.lib(PolyEntity.obj) : warning LNK4099: PDB 'vc120.pdb' was not found with 'Polycore_d.lib(PolyEntity.obj)' or at 'E:\Documents\Visual Studio 2015\Projects\VS2015C++\PolyCode\Asteroids Deluxe\Debug\vc120.pdb'; linking object as if no debug info
     1>Polycore_d.lib(PolyEvent.obj) : warning LNK4099: PDB 'vc120.pdb' was not found with 'Polycore_d.lib(PolyEvent.obj)' or at 'E:\Documents\Visual Studio 2015\Projects\VS2015C++\PolyCode\Asteroids Deluxe\Debug\vc120.pdb'; linking object as if no debug info
     1>Polycore_d.lib(PolyEventDispatcher.obj) : warning LNK4099: PDB 'vc120.pdb' was not found with 'Polycore_d.lib(PolyEventDispatcher.obj)' or at 'E:\Documents\Visual Studio 2015\Projects\VS2015C++\PolyCode\Asteroids Deluxe\Debug\vc120.pdb'; linking object as if no debug info
     1>Polycore_d.lib(PolyEventHandler.obj) : warning LNK4099: PDB 'vc120.pdb' was not found with 'Polycore_d.lib(PolyEventHandler.obj)' or at 'E:\Documents\Visual Studio 2015\Projects\VS2015C++\PolyCode\Asteroids Deluxe\Debug\vc120.pdb'; linking object as if no debug info
     1>Polycore_d.lib(PolyFixedShader.obj) : warning LNK4099: PDB 'vc120.pdb' was not found with 'Polycore_d.lib(PolyFixedShader.obj)' or at 'E:\Documents\Visual Studio 2015\Projects\VS2015C++\PolyCode\Asteroids Deluxe\Debug\vc120.pdb'; linking object as if no debug info
     1>Polycore_d.lib(PolyFont.obj) : warning LNK4099: PDB 'vc120.pdb' was not found with 'Polycore_d.lib(PolyFont.obj)' or at 'E:\Documents\Visual Studio 2015\Projects\VS2015C++\PolyCode\Asteroids Deluxe\Debug\vc120.pdb'; linking object as if no debug info
     1>Polycore_d.lib(PolyFontManager.obj) : warning LNK4099: PDB 'vc120.pdb' was not found with 'Polycore_d.lib(PolyFontManager.obj)' or at 'E:\Documents\Visual Studio 2015\Projects\VS2015C++\PolyCode\Asteroids Deluxe\Debug\vc120.pdb'; linking object as if no debug info
     1>Polycore_d.lib(PolyGLCubemap.obj) : warning LNK4099: PDB 'vc120.pdb' was not found with 'Polycore_d.lib(PolyGLCubemap.obj)' or at 'E:\Documents\Visual Studio 2015\Projects\VS2015C++\PolyCode\Asteroids Deluxe\Debug\vc120.pdb'; linking object as if no debug info
     1>Polycore_d.lib(PolyGLRenderer.obj) : warning LNK4099: PDB 'vc120.pdb' was not found with 'Polycore_d.lib(PolyGLRenderer.obj)' or at 'E:\Documents\Visual Studio 2015\Projects\VS2015C++\PolyCode\Asteroids Deluxe\Debug\vc120.pdb'; linking object as if no debug info
     1>Polycore_d.lib(PolyGLSLProgram.obj) : warning LNK4099: PDB 'vc120.pdb' was not found with 'Polycore_d.lib(PolyGLSLProgram.obj)' or at 'E:\Documents\Visual Studio 2015\Projects\VS2015C++\PolyCode\Asteroids Deluxe\Debug\vc120.pdb'; linking object as if no debug info
     1>Polycore_d.lib(PolyGLSLShader.obj) : warning LNK4099: PDB 'vc120.pdb' was not found with 'Polycore_d.lib(PolyGLSLShader.obj)' or at 'E:\Documents\Visual Studio 2015\Projects\VS2015C++\PolyCode\Asteroids Deluxe\Debug\vc120.pdb'; linking object as if no debug info
     1>Polycore_d.lib(PolyGLSLShaderModule.obj) : warning LNK4099: PDB 'vc120.pdb' was not found with 'Polycore_d.lib(PolyGLSLShaderModule.obj)' or at 'E:\Documents\Visual Studio 2015\Projects\VS2015C++\PolyCode\Asteroids Deluxe\Debug\vc120.pdb'; linking object as if no debug info
     1>Polycore_d.lib(PolyGLTexture.obj) : warning LNK4099: PDB 'vc120.pdb' was not found with 'Polycore_d.lib(PolyGLTexture.obj)' or at 'E:\Documents\Visual Studio 2015\Projects\VS2015C++\PolyCode\Asteroids Deluxe\Debug\vc120.pdb'; linking object as if no debug info
     1>Polycore_d.lib(PolyGLVertexBuffer.obj) : warning LNK4099: PDB 'vc120.pdb' was not found with 'Polycore_d.lib(PolyGLVertexBuffer.obj)' or at 'E:\Documents\Visual Studio 2015\Projects\VS2015C++\PolyCode\Asteroids Deluxe\Debug\vc120.pdb'; linking object as if no debug info
     1>Polycore_d.lib(PolyImage.obj) : warning LNK4099: PDB 'vc120.pdb' was not found with 'Polycore_d.lib(PolyImage.obj)' or at 'E:\Documents\Visual Studio 2015\Projects\VS2015C++\PolyCode\Asteroids Deluxe\Debug\vc120.pdb'; linking object as if no debug info
     1>Polycore_d.lib(PolyInputEvent.obj) : warning LNK4099: PDB 'vc120.pdb' was not found with 'Polycore_d.lib(PolyInputEvent.obj)' or at 'E:\Documents\Visual Studio 2015\Projects\VS2015C++\PolyCode\Asteroids Deluxe\Debug\vc120.pdb'; linking object as if no debug info
     1>Polycore_d.lib(PolyLogger.obj) : warning LNK4099: PDB 'vc120.pdb' was not found with 'Polycore_d.lib(PolyLogger.obj)' or at 'E:\Documents\Visual Studio 2015\Projects\VS2015C++\PolyCode\Asteroids Deluxe\Debug\vc120.pdb'; linking object as if no debug info
     1>Polycore_d.lib(PolyMaterial.obj) : warning LNK4099: PDB 'vc120.pdb' was not found with 'Polycore_d.lib(PolyMaterial.obj)' or at 'E:\Documents\Visual Studio 2015\Projects\VS2015C++\PolyCode\Asteroids Deluxe\Debug\vc120.pdb'; linking object as if no debug info
     1>Polycore_d.lib(PolyMaterialManager.obj) : warning LNK4099: PDB 'vc120.pdb' was not found with 'Polycore_d.lib(PolyMaterialManager.obj)' or at 'E:\Documents\Visual Studio 2015\Projects\VS2015C++\PolyCode\Asteroids Deluxe\Debug\vc120.pdb'; linking object as if no debug info
     1>Polycore_d.lib(PolyMatrix4.obj) : warning LNK4099: PDB 'vc120.pdb' was not found with 'Polycore_d.lib(PolyMatrix4.obj)' or at 'E:\Documents\Visual Studio 2015\Projects\VS2015C++\PolyCode\Asteroids Deluxe\Debug\vc120.pdb'; linking object as if no debug info
     1>Polycore_d.lib(PolyMesh.obj) : warning LNK4099: PDB 'vc120.pdb' was not found with 'Polycore_d.lib(PolyMesh.obj)' or at 'E:\Documents\Visual Studio 2015\Projects\VS2015C++\PolyCode\Asteroids Deluxe\Debug\vc120.pdb'; linking object as if no debug info
     1>Polycore_d.lib(PolyModule.obj) : warning LNK4099: PDB 'vc120.pdb' was not found with 'Polycore_d.lib(PolyModule.obj)' or at 'E:\Documents\Visual Studio 2015\Projects\VS2015C++\PolyCode\Asteroids Deluxe\Debug\vc120.pdb'; linking object as if no debug info
     1>Polycore_d.lib(PolyPerlin.obj) : warning LNK4099: PDB 'vc120.pdb' was not found with 'Polycore_d.lib(PolyPerlin.obj)' or at 'E:\Documents\Visual Studio 2015\Projects\VS2015C++\PolyCode\Asteroids Deluxe\Debug\vc120.pdb'; linking object as if no debug info
     1>Polycore_d.lib(PolyQuaternion.obj) : warning LNK4099: PDB 'vc120.pdb' was not found with 'Polycore_d.lib(PolyQuaternion.obj)' or at 'E:\Documents\Visual Studio 2015\Projects\VS2015C++\PolyCode\Asteroids Deluxe\Debug\vc120.pdb'; linking object as if no debug info
     1>Polycore_d.lib(PolyQuaternionCurve.obj) : warning LNK4099: PDB 'vc120.pdb' was not found with 'Polycore_d.lib(PolyQuaternionCurve.obj)' or at 'E:\Documents\Visual Studio 2015\Projects\VS2015C++\PolyCode\Asteroids Deluxe\Debug\vc120.pdb'; linking object as if no debug info
     1>Polycore_d.lib(PolyRectangle.obj) : warning LNK4099: PDB 'vc120.pdb' was not found with 'Polycore_d.lib(PolyRectangle.obj)' or at 'E:\Documents\Visual Studio 2015\Projects\VS2015C++\PolyCode\Asteroids Deluxe\Debug\vc120.pdb'; linking object as if no debug info
     1>Polycore_d.lib(PolyRenderer.obj) : warning LNK4099: PDB 'vc120.pdb' was not found with 'Polycore_d.lib(PolyRenderer.obj)' or at 'E:\Documents\Visual Studio 2015\Projects\VS2015C++\PolyCode\Asteroids Deluxe\Debug\vc120.pdb'; linking object as if no debug info
     1>Polycore_d.lib(PolyRenderDataArray.obj) : warning LNK4099: PDB 'vc120.pdb' was not found with 'Polycore_d.lib(PolyRenderDataArray.obj)' or at 'E:\Documents\Visual Studio 2015\Projects\VS2015C++\PolyCode\Asteroids Deluxe\Debug\vc120.pdb'; linking object as if no debug info
     1>Polycore_d.lib(PolyResource.obj) : warning LNK4099: PDB 'vc120.pdb' was not found with 'Polycore_d.lib(PolyResource.obj)' or at 'E:\Documents\Visual Studio 2015\Projects\VS2015C++\PolyCode\Asteroids Deluxe\Debug\vc120.pdb'; linking object as if no debug info
     1>Polycore_d.lib(PolyResourceManager.obj) : warning LNK4099: PDB 'vc120.pdb' was not found with 'Polycore_d.lib(PolyResourceManager.obj)' or at 'E:\Documents\Visual Studio 2015\Projects\VS2015C++\PolyCode\Asteroids Deluxe\Debug\vc120.pdb'; linking object as if no debug info
     1>Polycore_d.lib(PolyScene.obj) : warning LNK4099: PDB 'vc120.pdb' was not found with 'Polycore_d.lib(PolyScene.obj)' or at 'E:\Documents\Visual Studio 2015\Projects\VS2015C++\PolyCode\Asteroids Deluxe\Debug\vc120.pdb'; linking object as if no debug info
     1>Polycore_d.lib(PolySceneLight.obj) : warning LNK4099: PDB 'vc120.pdb' was not found with 'Polycore_d.lib(PolySceneLight.obj)' or at 'E:\Documents\Visual Studio 2015\Projects\VS2015C++\PolyCode\Asteroids Deluxe\Debug\vc120.pdb'; linking object as if no debug info
     1>Polycore_d.lib(PolySceneManager.obj) : warning LNK4099: PDB 'vc120.pdb' was not found with 'Polycore_d.lib(PolySceneManager.obj)' or at 'E:\Documents\Visual Studio 2015\Projects\VS2015C++\PolyCode\Asteroids Deluxe\Debug\vc120.pdb'; linking object as if no debug info
     1>Polycore_d.lib(PolySceneMesh.obj) : warning LNK4099: PDB 'vc120.pdb' was not found with 'Polycore_d.lib(PolySceneMesh.obj)' or at 'E:\Documents\Visual Studio 2015\Projects\VS2015C++\PolyCode\Asteroids Deluxe\Debug\vc120.pdb'; linking object as if no debug info
     1>Polycore_d.lib(PolySceneRenderTexture.obj) : warning LNK4099: PDB 'vc120.pdb' was not found with 'Polycore_d.lib(PolySceneRenderTexture.obj)' or at 'E:\Documents\Visual Studio 2015\Projects\VS2015C++\PolyCode\Asteroids Deluxe\Debug\vc120.pdb'; linking object as if no debug info
     1>Polycore_d.lib(PolyShader.obj) : warning LNK4099: PDB 'vc120.pdb' was not found with 'Polycore_d.lib(PolyShader.obj)' or at 'E:\Documents\Visual Studio 2015\Projects\VS2015C++\PolyCode\Asteroids Deluxe\Debug\vc120.pdb'; linking object as if no debug info
     1>Polycore_d.lib(PolySkeleton.obj) : warning LNK4099: PDB 'vc120.pdb' was not found with 'Polycore_d.lib(PolySkeleton.obj)' or at 'E:\Documents\Visual Studio 2015\Projects\VS2015C++\PolyCode\Asteroids Deluxe\Debug\vc120.pdb'; linking object as if no debug info
     1>Polycore_d.lib(PolySound.obj) : warning LNK4099: PDB 'vc120.pdb' was not found with 'Polycore_d.lib(PolySound.obj)' or at 'E:\Documents\Visual Studio 2015\Projects\VS2015C++\PolyCode\Asteroids Deluxe\Debug\vc120.pdb'; linking object as if no debug info
     1>Polycore_d.lib(PolySoundManager.obj) : warning LNK4099: PDB 'vc120.pdb' was not found with 'Polycore_d.lib(PolySoundManager.obj)' or at 'E:\Documents\Visual Studio 2015\Projects\VS2015C++\PolyCode\Asteroids Deluxe\Debug\vc120.pdb'; linking object as if no debug info
     1>Polycore_d.lib(PolyString.obj) : warning LNK4099: PDB 'vc120.pdb' was not found with 'Polycore_d.lib(PolyString.obj)' or at 'E:\Documents\Visual Studio 2015\Projects\VS2015C++\PolyCode\Asteroids Deluxe\Debug\vc120.pdb'; linking object as if no debug info
     1>Polycore_d.lib(PolyTexture.obj) : warning LNK4099: PDB 'vc120.pdb' was not found with 'Polycore_d.lib(PolyTexture.obj)' or at 'E:\Documents\Visual Studio 2015\Projects\VS2015C++\PolyCode\Asteroids Deluxe\Debug\vc120.pdb'; linking object as if no debug info
     1>Polycore_d.lib(PolyTimer.obj) : warning LNK4099: PDB 'vc120.pdb' was not found with 'Polycore_d.lib(PolyTimer.obj)' or at 'E:\Documents\Visual Studio 2015\Projects\VS2015C++\PolyCode\Asteroids Deluxe\Debug\vc120.pdb'; linking object as if no debug info
     1>Polycore_d.lib(PolyTimerManager.obj) : warning LNK4099: PDB 'vc120.pdb' was not found with 'Polycore_d.lib(PolyTimerManager.obj)' or at 'E:\Documents\Visual Studio 2015\Projects\VS2015C++\PolyCode\Asteroids Deluxe\Debug\vc120.pdb'; linking object as if no debug info
     1>Polycore_d.lib(PolyTween.obj) : warning LNK4099: PDB 'vc120.pdb' was not found with 'Polycore_d.lib(PolyTween.obj)' or at 'E:\Documents\Visual Studio 2015\Projects\VS2015C++\PolyCode\Asteroids Deluxe\Debug\vc120.pdb'; linking object as if no debug info
     1>Polycore_d.lib(PolyTweenManager.obj) : warning LNK4099: PDB 'vc120.pdb' was not found with 'Polycore_d.lib(PolyTweenManager.obj)' or at 'E:\Documents\Visual Studio 2015\Projects\VS2015C++\PolyCode\Asteroids Deluxe\Debug\vc120.pdb'; linking object as if no debug info
     1>Polycore_d.lib(PolyVector2.obj) : warning LNK4099: PDB 'vc120.pdb' was not found with 'Polycore_d.lib(PolyVector2.obj)' or at 'E:\Documents\Visual Studio 2015\Projects\VS2015C++\PolyCode\Asteroids Deluxe\Debug\vc120.pdb'; linking object as if no debug info
     1>Polycore_d.lib(PolyVector3.obj) : warning LNK4099: PDB 'vc120.pdb' was not found with 'Polycore_d.lib(PolyVector3.obj)' or at 'E:\Documents\Visual Studio 2015\Projects\VS2015C++\PolyCode\Asteroids Deluxe\Debug\vc120.pdb'; linking object as if no debug info
     1>Polycore_d.lib(PolyVector4.obj) : warning LNK4099: PDB 'vc120.pdb' was not found with 'Polycore_d.lib(PolyVector4.obj)' or at 'E:\Documents\Visual Studio 2015\Projects\VS2015C++\PolyCode\Asteroids Deluxe\Debug\vc120.pdb'; linking object as if no debug info
     1>Polycore_d.lib(tinystr.obj) : warning LNK4099: PDB 'vc120.pdb' was not found with 'Polycore_d.lib(tinystr.obj)' or at 'E:\Documents\Visual Studio 2015\Projects\VS2015C++\PolyCode\Asteroids Deluxe\Debug\vc120.pdb'; linking object as if no debug info
     1>Polycore_d.lib(tinyxml.obj) : warning LNK4099: PDB 'vc120.pdb' was not found with 'Polycore_d.lib(tinyxml.obj)' or at 'E:\Documents\Visual Studio 2015\Projects\VS2015C++\PolyCode\Asteroids Deluxe\Debug\vc120.pdb'; linking object as if no debug info
     1>Polycore_d.lib(tinyxmlerror.obj) : warning LNK4099: PDB 'vc120.pdb' was not found with 'Polycore_d.lib(tinyxmlerror.obj)' or at 'E:\Documents\Visual Studio 2015\Projects\VS2015C++\PolyCode\Asteroids Deluxe\Debug\vc120.pdb'; linking object as if no debug info
     1>Polycore_d.lib(tinyxmlparser.obj) : warning LNK4099: PDB 'vc120.pdb' was not found with 'Polycore_d.lib(tinyxmlparser.obj)' or at 'E:\Documents\Visual Studio 2015\Projects\VS2015C++\PolyCode\Asteroids Deluxe\Debug\vc120.pdb'; linking object as if no debug info
     1>Polycore_d.lib(PolyRay.obj) : warning LNK4099: PDB 'vc120.pdb' was not found with 'Polycore_d.lib(PolyRay.obj)' or at 'E:\Documents\Visual Studio 2015\Projects\VS2015C++\PolyCode\Asteroids Deluxe\Debug\vc120.pdb'; linking object as if no debug info
     1>Polycore_d.lib(PolycodeView.obj) : warning LNK4099: PDB 'vc120.pdb' was not found with 'Polycore_d.lib(PolycodeView.obj)' or at 'E:\Documents\Visual Studio 2015\Projects\VS2015C++\PolyCode\Asteroids Deluxe\Debug\vc120.pdb'; linking object as if no debug info
     1>Polycore_d.lib(PolyWinCore.obj) : warning LNK4099: PDB 'vc120.pdb' was not found with 'Polycore_d.lib(PolyWinCore.obj)' or at 'E:\Documents\Visual Studio 2015\Projects\VS2015C++\PolyCode\Asteroids Deluxe\Debug\vc120.pdb'; linking object as if no debug info
     1>Polycode3DPhysics_d.lib(PolyCollisionSceneEntity.obj) : warning LNK4099: PDB 'vc120.pdb' was not found with 'Polycode3DPhysics_d.lib(PolyCollisionSceneEntity.obj)' or at 'E:\Documents\Visual Studio 2015\Projects\VS2015C++\PolyCode\Asteroids Deluxe\Debug\vc120.pdb'; linking object as if no debug info
     1>Polycode3DPhysics_d.lib(PolyCollisionScene.obj) : warning LNK4099: PDB 'vc120.pdb' was not found with 'Polycode3DPhysics_d.lib(PolyCollisionScene.obj)' or at 'E:\Documents\Visual Studio 2015\Projects\VS2015C++\PolyCode\Asteroids Deluxe\Debug\vc120.pdb'; linking object as if no debug info
     1>BulletCollision_d.lib(btAxisSweep3.obj) : warning LNK4099: PDB 'vc120.pdb' was not found with 'BulletCollision_d.lib(btAxisSweep3.obj)' or at 'E:\Documents\Visual Studio 2015\Projects\VS2015C++\PolyCode\Asteroids Deluxe\Debug\vc120.pdb'; linking object as if no debug info
     1>BulletCollision_d.lib(btCollisionAlgorithm.obj) : warning LNK4099: PDB 'vc120.pdb' was not found with 'BulletCollision_d.lib(btCollisionAlgorithm.obj)' or at 'E:\Documents\Visual Studio 2015\Projects\VS2015C++\PolyCode\Asteroids Deluxe\Debug\vc120.pdb'; linking object as if no debug info
     1>BulletCollision_d.lib(btDbvt.obj) : warning LNK4099: PDB 'vc120.pdb' was not found with 'BulletCollision_d.lib(btDbvt.obj)' or at 'E:\Documents\Visual Studio 2015\Projects\VS2015C++\PolyCode\Asteroids Deluxe\Debug\vc120.pdb'; linking object as if no debug info
     1>BulletCollision_d.lib(btDbvtBroadphase.obj) : warning LNK4099: PDB 'vc120.pdb' was not found with 'BulletCollision_d.lib(btDbvtBroadphase.obj)' or at 'E:\Documents\Visual Studio 2015\Projects\VS2015C++\PolyCode\Asteroids Deluxe\Debug\vc120.pdb'; linking object as if no debug info
     1>BulletCollision_d.lib(btDispatcher.obj) : warning LNK4099: PDB 'vc120.pdb' was not found with 'BulletCollision_d.lib(btDispatcher.obj)' or at 'E:\Documents\Visual Studio 2015\Projects\VS2015C++\PolyCode\Asteroids Deluxe\Debug\vc120.pdb'; linking object as if no debug info
     1>BulletCollision_d.lib(btOverlappingPairCache.obj) : warning LNK4099: PDB 'vc120.pdb' was not found with 'BulletCollision_d.lib(btOverlappingPairCache.obj)' or at 'E:\Documents\Visual Studio 2015\Projects\VS2015C++\PolyCode\Asteroids Deluxe\Debug\vc120.pdb'; linking object as if no debug info
     1>BulletCollision_d.lib(btQuantizedBvh.obj) : warning LNK4099: PDB 'vc120.pdb' was not found with 'BulletCollision_d.lib(btQuantizedBvh.obj)' or at 'E:\Documents\Visual Studio 2015\Projects\VS2015C++\PolyCode\Asteroids Deluxe\Debug\vc120.pdb'; linking object as if no debug info
     1>BulletCollision_d.lib(btActivatingCollisionAlgorithm.obj) : warning LNK4099: PDB 'vc120.pdb' was not found with 'BulletCollision_d.lib(btActivatingCollisionAlgorithm.obj)' or at 'E:\Documents\Visual Studio 2015\Projects\VS2015C++\PolyCode\Asteroids Deluxe\Debug\vc120.pdb'; linking object as if no debug info
     1>BulletCollision_d.lib(btBoxBoxCollisionAlgorithm.obj) : warning LNK4099: PDB 'vc120.pdb' was not found with 'BulletCollision_d.lib(btBoxBoxCollisionAlgorithm.obj)' or at 'E:\Documents\Visual Studio 2015\Projects\VS2015C++\PolyCode\Asteroids Deluxe\Debug\vc120.pdb'; linking object as if no debug info
     1>BulletCollision_d.lib(btBoxBoxDetector.obj) : warning LNK4099: PDB 'vc120.pdb' was not found with 'BulletCollision_d.lib(btBoxBoxDetector.obj)' or at 'E:\Documents\Visual Studio 2015\Projects\VS2015C++\PolyCode\Asteroids Deluxe\Debug\vc120.pdb'; linking object as if no debug info
     1>BulletCollision_d.lib(btCollisionDispatcher.obj) : warning LNK4099: PDB 'vc120.pdb' was not found with 'BulletCollision_d.lib(btCollisionDispatcher.obj)' or at 'E:\Documents\Visual Studio 2015\Projects\VS2015C++\PolyCode\Asteroids Deluxe\Debug\vc120.pdb'; linking object as if no debug info
     1>BulletCollision_d.lib(btCollisionObject.obj) : warning LNK4099: PDB 'vc120.pdb' was not found with 'BulletCollision_d.lib(btCollisionObject.obj)' or at 'E:\Documents\Visual Studio 2015\Projects\VS2015C++\PolyCode\Asteroids Deluxe\Debug\vc120.pdb'; linking object as if no debug info
     1>BulletCollision_d.lib(btCollisionWorld.obj) : warning LNK4099: PDB 'vc120.pdb' was not found with 'BulletCollision_d.lib(btCollisionWorld.obj)' or at 'E:\Documents\Visual Studio 2015\Projects\VS2015C++\PolyCode\Asteroids Deluxe\Debug\vc120.pdb'; linking object as if no debug info
     1>BulletCollision_d.lib(btCompoundCollisionAlgorithm.obj) : warning LNK4099: PDB 'vc120.pdb' was not found with 'BulletCollision_d.lib(btCompoundCollisionAlgorithm.obj)' or at 'E:\Documents\Visual Studio 2015\Projects\VS2015C++\PolyCode\Asteroids Deluxe\Debug\vc120.pdb'; linking object as if no debug info
     1>BulletCollision_d.lib(btCompoundCompoundCollisionAlgorithm.obj) : warning LNK4099: PDB 'vc120.pdb' was not found with 'BulletCollision_d.lib(btCompoundCompoundCollisionAlgorithm.obj)' or at 'E:\Documents\Visual Studio 2015\Projects\VS2015C++\PolyCode\Asteroids Deluxe\Debug\vc120.pdb'; linking object as if no debug info
     1>BulletCollision_d.lib(btConvexConcaveCollisionAlgorithm.obj) : warning LNK4099: PDB 'vc120.pdb' was not found with 'BulletCollision_d.lib(btConvexConcaveCollisionAlgorithm.obj)' or at 'E:\Documents\Visual Studio 2015\Projects\VS2015C++\PolyCode\Asteroids Deluxe\Debug\vc120.pdb'; linking object as if no debug info
     1>BulletCollision_d.lib(btConvexConvexAlgorithm.obj) : warning LNK4099: PDB 'vc120.pdb' was not found with 'BulletCollision_d.lib(btConvexConvexAlgorithm.obj)' or at 'E:\Documents\Visual Studio 2015\Projects\VS2015C++\PolyCode\Asteroids Deluxe\Debug\vc120.pdb'; linking object as if no debug info
     1>BulletCollision_d.lib(btConvexPlaneCollisionAlgorithm.obj) : warning LNK4099: PDB 'vc120.pdb' was not found with 'BulletCollision_d.lib(btConvexPlaneCollisionAlgorithm.obj)' or at 'E:\Documents\Visual Studio 2015\Projects\VS2015C++\PolyCode\Asteroids Deluxe\Debug\vc120.pdb'; linking object as if no debug info
     1>BulletCollision_d.lib(btDefaultCollisionConfiguration.obj) : warning LNK4099: PDB 'vc120.pdb' was not found with 'BulletCollision_d.lib(btDefaultCollisionConfiguration.obj)' or at 'E:\Documents\Visual Studio 2015\Projects\VS2015C++\PolyCode\Asteroids Deluxe\Debug\vc120.pdb'; linking object as if no debug info
     1>BulletCollision_d.lib(btEmptyCollisionAlgorithm.obj) : warning LNK4099: PDB 'vc120.pdb' was not found with 'BulletCollision_d.lib(btEmptyCollisionAlgorithm.obj)' or at 'E:\Documents\Visual Studio 2015\Projects\VS2015C++\PolyCode\Asteroids Deluxe\Debug\vc120.pdb'; linking object as if no debug info
     1>BulletCollision_d.lib(btHashedSimplePairCache.obj) : warning LNK4099: PDB 'vc120.pdb' was not found with 'BulletCollision_d.lib(btHashedSimplePairCache.obj)' or at 'E:\Documents\Visual Studio 2015\Projects\VS2015C++\PolyCode\Asteroids Deluxe\Debug\vc120.pdb'; linking object as if no debug info
     1>BulletCollision_d.lib(btManifoldResult.obj) : warning LNK4099: PDB 'vc120.pdb' was not found with 'BulletCollision_d.lib(btManifoldResult.obj)' or at 'E:\Documents\Visual Studio 2015\Projects\VS2015C++\PolyCode\Asteroids Deluxe\Debug\vc120.pdb'; linking object as if no debug info
     1>BulletCollision_d.lib(btSphereSphereCollisionAlgorithm.obj) : warning LNK4099: PDB 'vc120.pdb' was not found with 'BulletCollision_d.lib(btSphereSphereCollisionAlgorithm.obj)' or at 'E:\Documents\Visual Studio 2015\Projects\VS2015C++\PolyCode\Asteroids Deluxe\Debug\vc120.pdb'; linking object as if no debug info
     1>BulletCollision_d.lib(btSphereTriangleCollisionAlgorithm.obj) : warning LNK4099: PDB 'vc120.pdb' was not found with 'BulletCollision_d.lib(btSphereTriangleCollisionAlgorithm.obj)' or at 'E:\Documents\Visual Studio 2015\Projects\VS2015C++\PolyCode\Asteroids Deluxe\Debug\vc120.pdb'; linking object as if no debug info
     1>BulletCollision_d.lib(SphereTriangleDetector.obj) : warning LNK4099: PDB 'vc120.pdb' was not found with 'BulletCollision_d.lib(SphereTriangleDetector.obj)' or at 'E:\Documents\Visual Studio 2015\Projects\VS2015C++\PolyCode\Asteroids Deluxe\Debug\vc120.pdb'; linking object as if no debug info
     1>BulletCollision_d.lib(btBoxShape.obj) : warning LNK4099: PDB 'vc120.pdb' was not found with 'BulletCollision_d.lib(btBoxShape.obj)' or at 'E:\Documents\Visual Studio 2015\Projects\VS2015C++\PolyCode\Asteroids Deluxe\Debug\vc120.pdb'; linking object as if no debug info
     1>BulletCollision_d.lib(btBvhTriangleMeshShape.obj) : warning LNK4099: PDB 'vc120.pdb' was not found with 'BulletCollision_d.lib(btBvhTriangleMeshShape.obj)' or at 'E:\Documents\Visual Studio 2015\Projects\VS2015C++\PolyCode\Asteroids Deluxe\Debug\vc120.pdb'; linking object as if no debug info
     1>BulletCollision_d.lib(btCapsuleShape.obj) : warning LNK4099: PDB 'vc120.pdb' was not found with 'BulletCollision_d.lib(btCapsuleShape.obj)' or at 'E:\Documents\Visual Studio 2015\Projects\VS2015C++\PolyCode\Asteroids Deluxe\Debug\vc120.pdb'; linking object as if no debug info
     1>BulletCollision_d.lib(btCollisionShape.obj) : warning LNK4099: PDB 'vc120.pdb' was not found with 'BulletCollision_d.lib(btCollisionShape.obj)' or at 'E:\Documents\Visual Studio 2015\Projects\VS2015C++\PolyCode\Asteroids Deluxe\Debug\vc120.pdb'; linking object as if no debug info
     1>BulletCollision_d.lib(btCompoundShape.obj) : warning LNK4099: PDB 'vc120.pdb' was not found with 'BulletCollision_d.lib(btCompoundShape.obj)' or at 'E:\Documents\Visual Studio 2015\Projects\VS2015C++\PolyCode\Asteroids Deluxe\Debug\vc120.pdb'; linking object as if no debug info
     1>BulletCollision_d.lib(btConcaveShape.obj) : warning LNK4099: PDB 'vc120.pdb' was not found with 'BulletCollision_d.lib(btConcaveShape.obj)' or at 'E:\Documents\Visual Studio 2015\Projects\VS2015C++\PolyCode\Asteroids Deluxe\Debug\vc120.pdb'; linking object as if no debug info
     1>BulletCollision_d.lib(btConeShape.obj) : warning LNK4099: PDB 'vc120.pdb' was not found with 'BulletCollision_d.lib(btConeShape.obj)' or at 'E:\Documents\Visual Studio 2015\Projects\VS2015C++\PolyCode\Asteroids Deluxe\Debug\vc120.pdb'; linking object as if no debug info
     1>BulletCollision_d.lib(btConvexHullShape.obj) : warning LNK4099: PDB 'vc120.pdb' was not found with 'BulletCollision_d.lib(btConvexHullShape.obj)' or at 'E:\Documents\Visual Studio 2015\Projects\VS2015C++\PolyCode\Asteroids Deluxe\Debug\vc120.pdb'; linking object as if no debug info
     1>BulletCollision_d.lib(btConvexInternalShape.obj) : warning LNK4099: PDB 'vc120.pdb' was not found with 'BulletCollision_d.lib(btConvexInternalShape.obj)' or at 'E:\Documents\Visual Studio 2015\Projects\VS2015C++\PolyCode\Asteroids Deluxe\Debug\vc120.pdb'; linking object as if no debug info
     1>BulletCollision_d.lib(btConvexPolyhedron.obj) : warning LNK4099: PDB 'vc120.pdb' was not found with 'BulletCollision_d.lib(btConvexPolyhedron.obj)' or at 'E:\Documents\Visual Studio 2015\Projects\VS2015C++\PolyCode\Asteroids Deluxe\Debug\vc120.pdb'; linking object as if no debug info
     1>BulletCollision_d.lib(btConvexShape.obj) : warning LNK4099: PDB 'vc120.pdb' was not found with 'BulletCollision_d.lib(btConvexShape.obj)' or at 'E:\Documents\Visual Studio 2015\Projects\VS2015C++\PolyCode\Asteroids Deluxe\Debug\vc120.pdb'; linking object as if no debug info
     1>BulletCollision_d.lib(btCylinderShape.obj) : warning LNK4099: PDB 'vc120.pdb' was not found with 'BulletCollision_d.lib(btCylinderShape.obj)' or at 'E:\Documents\Visual Studio 2015\Projects\VS2015C++\PolyCode\Asteroids Deluxe\Debug\vc120.pdb'; linking object as if no debug info
     1>BulletCollision_d.lib(btOptimizedBvh.obj) : warning LNK4099: PDB 'vc120.pdb' was not found with 'BulletCollision_d.lib(btOptimizedBvh.obj)' or at 'E:\Documents\Visual Studio 2015\Projects\VS2015C++\PolyCode\Asteroids Deluxe\Debug\vc120.pdb'; linking object as if no debug info
     1>BulletCollision_d.lib(btPolyhedralConvexShape.obj) : warning LNK4099: PDB 'vc120.pdb' was not found with 'BulletCollision_d.lib(btPolyhedralConvexShape.obj)' or at 'E:\Documents\Visual Studio 2015\Projects\VS2015C++\PolyCode\Asteroids Deluxe\Debug\vc120.pdb'; linking object as if no debug info
     1>BulletCollision_d.lib(btSphereShape.obj) : warning LNK4099: PDB 'vc120.pdb' was not found with 'BulletCollision_d.lib(btSphereShape.obj)' or at 'E:\Documents\Visual Studio 2015\Projects\VS2015C++\PolyCode\Asteroids Deluxe\Debug\vc120.pdb'; linking object as if no debug info
     1>BulletCollision_d.lib(btTriangleCallback.obj) : warning LNK4099: PDB 'vc120.pdb' was not found with 'BulletCollision_d.lib(btTriangleCallback.obj)' or at 'E:\Documents\Visual Studio 2015\Projects\VS2015C++\PolyCode\Asteroids Deluxe\Debug\vc120.pdb'; linking object as if no debug info
     1>BulletCollision_d.lib(btTriangleMeshShape.obj) : warning LNK4099: PDB 'vc120.pdb' was not found with 'BulletCollision_d.lib(btTriangleMeshShape.obj)' or at 'E:\Documents\Visual Studio 2015\Projects\VS2015C++\PolyCode\Asteroids Deluxe\Debug\vc120.pdb'; linking object as if no debug info
     1>BulletCollision_d.lib(btContinuousConvexCollision.obj) : warning LNK4099: PDB 'vc120.pdb' was not found with 'BulletCollision_d.lib(btContinuousConvexCollision.obj)' or at 'E:\Documents\Visual Studio 2015\Projects\VS2015C++\PolyCode\Asteroids Deluxe\Debug\vc120.pdb'; linking object as if no debug info
     1>BulletCollision_d.lib(btConvexCast.obj) : warning LNK4099: PDB 'vc120.pdb' was not found with 'BulletCollision_d.lib(btConvexCast.obj)' or at 'E:\Documents\Visual Studio 2015\Projects\VS2015C++\PolyCode\Asteroids Deluxe\Debug\vc120.pdb'; linking object as if no debug info
     1>BulletCollision_d.lib(btGjkConvexCast.obj) : warning LNK4099: PDB 'vc120.pdb' was not found with 'BulletCollision_d.lib(btGjkConvexCast.obj)' or at 'E:\Documents\Visual Studio 2015\Projects\VS2015C++\PolyCode\Asteroids Deluxe\Debug\vc120.pdb'; linking object as if no debug info
     1>BulletCollision_d.lib(btGjkEpa2.obj) : warning LNK4099: PDB 'vc120.pdb' was not found with 'BulletCollision_d.lib(btGjkEpa2.obj)' or at 'E:\Documents\Visual Studio 2015\Projects\VS2015C++\PolyCode\Asteroids Deluxe\Debug\vc120.pdb'; linking object as if no debug info
     1>BulletCollision_d.lib(btGjkEpaPenetrationDepthSolver.obj) : warning LNK4099: PDB 'vc120.pdb' was not found with 'BulletCollision_d.lib(btGjkEpaPenetrationDepthSolver.obj)' or at 'E:\Documents\Visual Studio 2015\Projects\VS2015C++\PolyCode\Asteroids Deluxe\Debug\vc120.pdb'; linking object as if no debug info
     1>BulletCollision_d.lib(btGjkPairDetector.obj) : warning LNK4099: PDB 'vc120.pdb' was not found with 'BulletCollision_d.lib(btGjkPairDetector.obj)' or at 'E:\Documents\Visual Studio 2015\Projects\VS2015C++\PolyCode\Asteroids Deluxe\Debug\vc120.pdb'; linking object as if no debug info
     1>BulletCollision_d.lib(btMinkowskiPenetrationDepthSolver.obj) : warning LNK4099: PDB 'vc120.pdb' was not found with 'BulletCollision_d.lib(btMinkowskiPenetrationDepthSolver.obj)' or at 'E:\Documents\Visual Studio 2015\Projects\VS2015C++\PolyCode\Asteroids Deluxe\Debug\vc120.pdb'; linking object as if no debug info
     1>BulletCollision_d.lib(btPersistentManifold.obj) : warning LNK4099: PDB 'vc120.pdb' was not found with 'BulletCollision_d.lib(btPersistentManifold.obj)' or at 'E:\Documents\Visual Studio 2015\Projects\VS2015C++\PolyCode\Asteroids Deluxe\Debug\vc120.pdb'; linking object as if no debug info
     1>BulletCollision_d.lib(btRaycastCallback.obj) : warning LNK4099: PDB 'vc120.pdb' was not found with 'BulletCollision_d.lib(btRaycastCallback.obj)' or at 'E:\Documents\Visual Studio 2015\Projects\VS2015C++\PolyCode\Asteroids Deluxe\Debug\vc120.pdb'; linking object as if no debug info
     1>BulletCollision_d.lib(btSubSimplexConvexCast.obj) : warning LNK4099: PDB 'vc120.pdb' was not found with 'BulletCollision_d.lib(btSubSimplexConvexCast.obj)' or at 'E:\Documents\Visual Studio 2015\Projects\VS2015C++\PolyCode\Asteroids Deluxe\Debug\vc120.pdb'; linking object as if no debug info
     1>BulletCollision_d.lib(btVoronoiSimplexSolver.obj) : warning LNK4099: PDB 'vc120.pdb' was not found with 'BulletCollision_d.lib(btVoronoiSimplexSolver.obj)' or at 'E:\Documents\Visual Studio 2015\Projects\VS2015C++\PolyCode\Asteroids Deluxe\Debug\vc120.pdb'; linking object as if no debug info
     1>BulletCollision_d.lib(btPolyhedralContactClipping.obj) : warning LNK4099: PDB 'vc120.pdb' was not found with 'BulletCollision_d.lib(btPolyhedralContactClipping.obj)' or at 'E:\Documents\Visual Studio 2015\Projects\VS2015C++\PolyCode\Asteroids Deluxe\Debug\vc120.pdb'; linking object as if no debug info
     1>LinearMath_d.lib(btAlignedAllocator.obj) : warning LNK4099: PDB 'vc120.pdb' was not found with 'LinearMath_d.lib(btAlignedAllocator.obj)' or at 'E:\Documents\Visual Studio 2015\Projects\VS2015C++\PolyCode\Asteroids Deluxe\Debug\vc120.pdb'; linking object as if no debug info
     1>LinearMath_d.lib(btConvexHullComputer.obj) : warning LNK4099: PDB 'vc120.pdb' was not found with 'LinearMath_d.lib(btConvexHullComputer.obj)' or at 'E:\Documents\Visual Studio 2015\Projects\VS2015C++\PolyCode\Asteroids Deluxe\Debug\vc120.pdb'; linking object as if no debug info
     1>LinearMath_d.lib(btGeometryUtil.obj) : warning LNK4099: PDB 'vc120.pdb' was not found with 'LinearMath_d.lib(btGeometryUtil.obj)' or at 'E:\Documents\Visual Studio 2015\Projects\VS2015C++\PolyCode\Asteroids Deluxe\Debug\vc120.pdb'; linking object as if no debug info
     1>LinearMath_d.lib(btQuickprof.obj) : warning LNK4099: PDB 'vc120.pdb' was not found with 'LinearMath_d.lib(btQuickprof.obj)' or at 'E:\Documents\Visual Studio 2015\Projects\VS2015C++\PolyCode\Asteroids Deluxe\Debug\vc120.pdb'; linking object as if no debug info
     1>LinearMath_d.lib(btVector3.obj) : warning LNK4099: PDB 'vc120.pdb' was not found with 'LinearMath_d.lib(btVector3.obj)' or at 'E:\Documents\Visual Studio 2015\Projects\VS2015C++\PolyCode\Asteroids Deluxe\Debug\vc120.pdb'; linking object as if no debug info
     1>zlibd.lib(adler32.obj) : warning LNK4099: PDB 'vc120.pdb' was not found with 'zlibd.lib(adler32.obj)' or at 'E:\Documents\Visual Studio 2015\Projects\VS2015C++\PolyCode\Asteroids Deluxe\Debug\vc120.pdb'; linking object as if no debug info
     1>zlibd.lib(crc32.obj) : warning LNK4099: PDB 'vc120.pdb' was not found with 'zlibd.lib(crc32.obj)' or at 'E:\Documents\Visual Studio 2015\Projects\VS2015C++\PolyCode\Asteroids Deluxe\Debug\vc120.pdb'; linking object as if no debug info
     1>zlibd.lib(deflate.obj) : warning LNK4099: PDB 'vc120.pdb' was not found with 'zlibd.lib(deflate.obj)' or at 'E:\Documents\Visual Studio 2015\Projects\VS2015C++\PolyCode\Asteroids Deluxe\Debug\vc120.pdb'; linking object as if no debug info
     1>zlibd.lib(inflate.obj) : warning LNK4099: PDB 'vc120.pdb' was not found with 'zlibd.lib(inflate.obj)' or at 'E:\Documents\Visual Studio 2015\Projects\VS2015C++\PolyCode\Asteroids Deluxe\Debug\vc120.pdb'; linking object as if no debug info
     1>zlibd.lib(inftrees.obj) : warning LNK4099: PDB 'vc120.pdb' was not found with 'zlibd.lib(inftrees.obj)' or at 'E:\Documents\Visual Studio 2015\Projects\VS2015C++\PolyCode\Asteroids Deluxe\Debug\vc120.pdb'; linking object as if no debug info
     1>zlibd.lib(inffast.obj) : warning LNK4099: PDB 'vc120.pdb' was not found with 'zlibd.lib(inffast.obj)' or at 'E:\Documents\Visual Studio 2015\Projects\VS2015C++\PolyCode\Asteroids Deluxe\Debug\vc120.pdb'; linking object as if no debug info
     1>zlibd.lib(trees.obj) : warning LNK4099: PDB 'vc120.pdb' was not found with 'zlibd.lib(trees.obj)' or at 'E:\Documents\Visual Studio 2015\Projects\VS2015C++\PolyCode\Asteroids Deluxe\Debug\vc120.pdb'; linking object as if no debug info
     1>zlibd.lib(zutil.obj) : warning LNK4099: PDB 'vc120.pdb' was not found with 'zlibd.lib(zutil.obj)' or at 'E:\Documents\Visual Studio 2015\Projects\VS2015C++\PolyCode\Asteroids Deluxe\Debug\vc120.pdb'; linking object as if no debug info
     1>freetype_d.lib(autofit.obj) : warning LNK4099: PDB 'vc120.pdb' was not found with 'freetype_d.lib(autofit.obj)' or at 'E:\Documents\Visual Studio 2015\Projects\VS2015C++\PolyCode\Asteroids Deluxe\Debug\vc120.pdb'; linking object as if no debug info
     1>freetype_d.lib(ftadvanc.obj) : warning LNK4099: PDB 'vc120.pdb' was not found with 'freetype_d.lib(ftadvanc.obj)' or at 'E:\Documents\Visual Studio 2015\Projects\VS2015C++\PolyCode\Asteroids Deluxe\Debug\vc120.pdb'; linking object as if no debug info
     1>freetype_d.lib(ftbitmap.obj) : warning LNK4099: PDB 'vc120.pdb' was not found with 'freetype_d.lib(ftbitmap.obj)' or at 'E:\Documents\Visual Studio 2015\Projects\VS2015C++\PolyCode\Asteroids Deluxe\Debug\vc120.pdb'; linking object as if no debug info
     1>freetype_d.lib(ftcalc.obj) : warning LNK4099: PDB 'vc120.pdb' was not found with 'freetype_d.lib(ftcalc.obj)' or at 'E:\Documents\Visual Studio 2015\Projects\VS2015C++\PolyCode\Asteroids Deluxe\Debug\vc120.pdb'; linking object as if no debug info
     1>freetype_d.lib(ftgloadr.obj) : warning LNK4099: PDB 'vc120.pdb' was not found with 'freetype_d.lib(ftgloadr.obj)' or at 'E:\Documents\Visual Studio 2015\Projects\VS2015C++\PolyCode\Asteroids Deluxe\Debug\vc120.pdb'; linking object as if no debug info
     1>freetype_d.lib(ftinit.obj) : warning LNK4099: PDB 'vc120.pdb' was not found with 'freetype_d.lib(ftinit.obj)' or at 'E:\Documents\Visual Studio 2015\Projects\VS2015C++\PolyCode\Asteroids Deluxe\Debug\vc120.pdb'; linking object as if no debug info
     1>freetype_d.lib(ftlcdfil.obj) : warning LNK4099: PDB 'vc120.pdb' was not found with 'freetype_d.lib(ftlcdfil.obj)' or at 'E:\Documents\Visual Studio 2015\Projects\VS2015C++\PolyCode\Asteroids Deluxe\Debug\vc120.pdb'; linking object as if no debug info
     1>freetype_d.lib(ftobjs.obj) : warning LNK4099: PDB 'vc120.pdb' was not found with 'freetype_d.lib(ftobjs.obj)' or at 'E:\Documents\Visual Studio 2015\Projects\VS2015C++\PolyCode\Asteroids Deluxe\Debug\vc120.pdb'; linking object as if no debug info
     1>freetype_d.lib(ftoutln.obj) : warning LNK4099: PDB 'vc120.pdb' was not found with 'freetype_d.lib(ftoutln.obj)' or at 'E:\Documents\Visual Studio 2015\Projects\VS2015C++\PolyCode\Asteroids Deluxe\Debug\vc120.pdb'; linking object as if no debug info
     1>freetype_d.lib(ftrfork.obj) : warning LNK4099: PDB 'vc120.pdb' was not found with 'freetype_d.lib(ftrfork.obj)' or at 'E:\Documents\Visual Studio 2015\Projects\VS2015C++\PolyCode\Asteroids Deluxe\Debug\vc120.pdb'; linking object as if no debug info
     1>freetype_d.lib(ftstream.obj) : warning LNK4099: PDB 'vc120.pdb' was not found with 'freetype_d.lib(ftstream.obj)' or at 'E:\Documents\Visual Studio 2015\Projects\VS2015C++\PolyCode\Asteroids Deluxe\Debug\vc120.pdb'; linking object as if no debug info
     1>freetype_d.lib(ftsystem.obj) : warning LNK4099: PDB 'vc120.pdb' was not found with 'freetype_d.lib(ftsystem.obj)' or at 'E:\Documents\Visual Studio 2015\Projects\VS2015C++\PolyCode\Asteroids Deluxe\Debug\vc120.pdb'; linking object as if no debug info
     1>freetype_d.lib(fttrigon.obj) : warning LNK4099: PDB 'vc120.pdb' was not found with 'freetype_d.lib(fttrigon.obj)' or at 'E:\Documents\Visual Studio 2015\Projects\VS2015C++\PolyCode\Asteroids Deluxe\Debug\vc120.pdb'; linking object as if no debug info
     1>freetype_d.lib(ftutil.obj) : warning LNK4099: PDB 'vc120.pdb' was not found with 'freetype_d.lib(ftutil.obj)' or at 'E:\Documents\Visual Studio 2015\Projects\VS2015C++\PolyCode\Asteroids Deluxe\Debug\vc120.pdb'; linking object as if no debug info
     1>freetype_d.lib(bdf.obj) : warning LNK4099: PDB 'vc120.pdb' was not found with 'freetype_d.lib(bdf.obj)' or at 'E:\Documents\Visual Studio 2015\Projects\VS2015C++\PolyCode\Asteroids Deluxe\Debug\vc120.pdb'; linking object as if no debug info
     1>freetype_d.lib(cff.obj) : warning LNK4099: PDB 'vc120.pdb' was not found with 'freetype_d.lib(cff.obj)' or at 'E:\Documents\Visual Studio 2015\Projects\VS2015C++\PolyCode\Asteroids Deluxe\Debug\vc120.pdb'; linking object as if no debug info
     1>freetype_d.lib(type1cid.obj) : warning LNK4099: PDB 'vc120.pdb' was not found with 'freetype_d.lib(type1cid.obj)' or at 'E:\Documents\Visual Studio 2015\Projects\VS2015C++\PolyCode\Asteroids Deluxe\Debug\vc120.pdb'; linking object as if no debug info
     1>freetype_d.lib(ftgzip.obj) : warning LNK4099: PDB 'vc120.pdb' was not found with 'freetype_d.lib(ftgzip.obj)' or at 'E:\Documents\Visual Studio 2015\Projects\VS2015C++\PolyCode\Asteroids Deluxe\Debug\vc120.pdb'; linking object as if no debug info
     1>freetype_d.lib(ftlzw.obj) : warning LNK4099: PDB 'vc120.pdb' was not found with 'freetype_d.lib(ftlzw.obj)' or at 'E:\Documents\Visual Studio 2015\Projects\VS2015C++\PolyCode\Asteroids Deluxe\Debug\vc120.pdb'; linking object as if no debug info
     1>freetype_d.lib(pcf.obj) : warning LNK4099: PDB 'vc120.pdb' was not found with 'freetype_d.lib(pcf.obj)' or at 'E:\Documents\Visual Studio 2015\Projects\VS2015C++\PolyCode\Asteroids Deluxe\Debug\vc120.pdb'; linking object as if no debug info
     1>freetype_d.lib(pfr.obj) : warning LNK4099: PDB 'vc120.pdb' was not found with 'freetype_d.lib(pfr.obj)' or at 'E:\Documents\Visual Studio 2015\Projects\VS2015C++\PolyCode\Asteroids Deluxe\Debug\vc120.pdb'; linking object as if no debug info
     1>freetype_d.lib(psaux.obj) : warning LNK4099: PDB 'vc120.pdb' was not found with 'freetype_d.lib(psaux.obj)' or at 'E:\Documents\Visual Studio 2015\Projects\VS2015C++\PolyCode\Asteroids Deluxe\Debug\vc120.pdb'; linking object as if no debug info
     1>freetype_d.lib(pshinter.obj) : warning LNK4099: PDB 'vc120.pdb' was not found with 'freetype_d.lib(pshinter.obj)' or at 'E:\Documents\Visual Studio 2015\Projects\VS2015C++\PolyCode\Asteroids Deluxe\Debug\vc120.pdb'; linking object as if no debug info
     1>freetype_d.lib(psmodule.obj) : warning LNK4099: PDB 'vc120.pdb' was not found with 'freetype_d.lib(psmodule.obj)' or at 'E:\Documents\Visual Studio 2015\Projects\VS2015C++\PolyCode\Asteroids Deluxe\Debug\vc120.pdb'; linking object as if no debug info
     1>freetype_d.lib(raster.obj) : warning LNK4099: PDB 'vc120.pdb' was not found with 'freetype_d.lib(raster.obj)' or at 'E:\Documents\Visual Studio 2015\Projects\VS2015C++\PolyCode\Asteroids Deluxe\Debug\vc120.pdb'; linking object as if no debug info
     1>freetype_d.lib(sfnt.obj) : warning LNK4099: PDB 'vc120.pdb' was not found with 'freetype_d.lib(sfnt.obj)' or at 'E:\Documents\Visual Studio 2015\Projects\VS2015C++\PolyCode\Asteroids Deluxe\Debug\vc120.pdb'; linking object as if no debug info
     1>freetype_d.lib(smooth.obj) : warning LNK4099: PDB 'vc120.pdb' was not found with 'freetype_d.lib(smooth.obj)' or at 'E:\Documents\Visual Studio 2015\Projects\VS2015C++\PolyCode\Asteroids Deluxe\Debug\vc120.pdb'; linking object as if no debug info
     1>freetype_d.lib(truetype.obj) : warning LNK4099: PDB 'vc120.pdb' was not found with 'freetype_d.lib(truetype.obj)' or at 'E:\Documents\Visual Studio 2015\Projects\VS2015C++\PolyCode\Asteroids Deluxe\Debug\vc120.pdb'; linking object as if no debug info
     1>freetype_d.lib(type1.obj) : warning LNK4099: PDB 'vc120.pdb' was not found with 'freetype_d.lib(type1.obj)' or at 'E:\Documents\Visual Studio 2015\Projects\VS2015C++\PolyCode\Asteroids Deluxe\Debug\vc120.pdb'; linking object as if no debug info
     1>freetype_d.lib(type42.obj) : warning LNK4099: PDB 'vc120.pdb' was not found with 'freetype_d.lib(type42.obj)' or at 'E:\Documents\Visual Studio 2015\Projects\VS2015C++\PolyCode\Asteroids Deluxe\Debug\vc120.pdb'; linking object as if no debug info
     1>freetype_d.lib(winfnt.obj) : warning LNK4099: PDB 'vc120.pdb' was not found with 'freetype_d.lib(winfnt.obj)' or at 'E:\Documents\Visual Studio 2015\Projects\VS2015C++\PolyCode\Asteroids Deluxe\Debug\vc120.pdb'; linking object as if no debug info
     1>liboggd.lib(bitwise.obj) : warning LNK4099: PDB 'vc120.pdb' was not found with 'liboggd.lib(bitwise.obj)' or at 'E:\Documents\Visual Studio 2015\Projects\VS2015C++\PolyCode\Asteroids Deluxe\Debug\vc120.pdb'; linking object as if no debug info
     1>liboggd.lib(framing.obj) : warning LNK4099: PDB 'vc120.pdb' was not found with 'liboggd.lib(framing.obj)' or at 'E:\Documents\Visual Studio 2015\Projects\VS2015C++\PolyCode\Asteroids Deluxe\Debug\vc120.pdb'; linking object as if no debug info
     1>libvorbisd.lib(bitrate.obj) : warning LNK4099: PDB 'vc120.pdb' was not found with 'libvorbisd.lib(bitrate.obj)' or at 'E:\Documents\Visual Studio 2015\Projects\VS2015C++\PolyCode\Asteroids Deluxe\Debug\vc120.pdb'; linking object as if no debug info
     1>libvorbisd.lib(block.obj) : warning LNK4099: PDB 'vc120.pdb' was not found with 'libvorbisd.lib(block.obj)' or at 'E:\Documents\Visual Studio 2015\Projects\VS2015C++\PolyCode\Asteroids Deluxe\Debug\vc120.pdb'; linking object as if no debug info
     1>libvorbisd.lib(codebook.obj) : warning LNK4099: PDB 'vc120.pdb' was not found with 'libvorbisd.lib(codebook.obj)' or at 'E:\Documents\Visual Studio 2015\Projects\VS2015C++\PolyCode\Asteroids Deluxe\Debug\vc120.pdb'; linking object as if no debug info
     1>libvorbisd.lib(envelope.obj) : warning LNK4099: PDB 'vc120.pdb' was not found with 'libvorbisd.lib(envelope.obj)' or at 'E:\Documents\Visual Studio 2015\Projects\VS2015C++\PolyCode\Asteroids Deluxe\Debug\vc120.pdb'; linking object as if no debug info
     1>libvorbisd.lib(floor0.obj) : warning LNK4099: PDB 'vc120.pdb' was not found with 'libvorbisd.lib(floor0.obj)' or at 'E:\Documents\Visual Studio 2015\Projects\VS2015C++\PolyCode\Asteroids Deluxe\Debug\vc120.pdb'; linking object as if no debug info
     1>libvorbisd.lib(floor1.obj) : warning LNK4099: PDB 'vc120.pdb' was not found with 'libvorbisd.lib(floor1.obj)' or at 'E:\Documents\Visual Studio 2015\Projects\VS2015C++\PolyCode\Asteroids Deluxe\Debug\vc120.pdb'; linking object as if no debug info
     1>libvorbisd.lib(info.obj) : warning LNK4099: PDB 'vc120.pdb' was not found with 'libvorbisd.lib(info.obj)' or at 'E:\Documents\Visual Studio 2015\Projects\VS2015C++\PolyCode\Asteroids Deluxe\Debug\vc120.pdb'; linking object as if no debug info
     1>libvorbisd.lib(lpc.obj) : warning LNK4099: PDB 'vc120.pdb' was not found with 'libvorbisd.lib(lpc.obj)' or at 'E:\Documents\Visual Studio 2015\Projects\VS2015C++\PolyCode\Asteroids Deluxe\Debug\vc120.pdb'; linking object as if no debug info
     1>libvorbisd.lib(lsp.obj) : warning LNK4099: PDB 'vc120.pdb' was not found with 'libvorbisd.lib(lsp.obj)' or at 'E:\Documents\Visual Studio 2015\Projects\VS2015C++\PolyCode\Asteroids Deluxe\Debug\vc120.pdb'; linking object as if no debug info
     1>libvorbisd.lib(mapping0.obj) : warning LNK4099: PDB 'vc120.pdb' was not found with 'libvorbisd.lib(mapping0.obj)' or at 'E:\Documents\Visual Studio 2015\Projects\VS2015C++\PolyCode\Asteroids Deluxe\Debug\vc120.pdb'; linking object as if no debug info
     1>libvorbisd.lib(mdct.obj) : warning LNK4099: PDB 'vc120.pdb' was not found with 'libvorbisd.lib(mdct.obj)' or at 'E:\Documents\Visual Studio 2015\Projects\VS2015C++\PolyCode\Asteroids Deluxe\Debug\vc120.pdb'; linking object as if no debug info
     1>libvorbisd.lib(psy.obj) : warning LNK4099: PDB 'vc120.pdb' was not found with 'libvorbisd.lib(psy.obj)' or at 'E:\Documents\Visual Studio 2015\Projects\VS2015C++\PolyCode\Asteroids Deluxe\Debug\vc120.pdb'; linking object as if no debug info
     1>libvorbisd.lib(registry.obj) : warning LNK4099: PDB 'vc120.pdb' was not found with 'libvorbisd.lib(registry.obj)' or at 'E:\Documents\Visual Studio 2015\Projects\VS2015C++\PolyCode\Asteroids Deluxe\Debug\vc120.pdb'; linking object as if no debug info
     1>libvorbisd.lib(res0.obj) : warning LNK4099: PDB 'vc120.pdb' was not found with 'libvorbisd.lib(res0.obj)' or at 'E:\Documents\Visual Studio 2015\Projects\VS2015C++\PolyCode\Asteroids Deluxe\Debug\vc120.pdb'; linking object as if no debug info
     1>libvorbisd.lib(sharedbook.obj) : warning LNK4099: PDB 'vc120.pdb' was not found with 'libvorbisd.lib(sharedbook.obj)' or at 'E:\Documents\Visual Studio 2015\Projects\VS2015C++\PolyCode\Asteroids Deluxe\Debug\vc120.pdb'; linking object as if no debug info
     1>libvorbisd.lib(smallft.obj) : warning LNK4099: PDB 'vc120.pdb' was not found with 'libvorbisd.lib(smallft.obj)' or at 'E:\Documents\Visual Studio 2015\Projects\VS2015C++\PolyCode\Asteroids Deluxe\Debug\vc120.pdb'; linking object as if no debug info
     1>libvorbisd.lib(synthesis.obj) : warning LNK4099: PDB 'vc120.pdb' was not found with 'libvorbisd.lib(synthesis.obj)' or at 'E:\Documents\Visual Studio 2015\Projects\VS2015C++\PolyCode\Asteroids Deluxe\Debug\vc120.pdb'; linking object as if no debug info
     1>libvorbisd.lib(window.obj) : warning LNK4099: PDB 'vc120.pdb' was not found with 'libvorbisd.lib(window.obj)' or at 'E:\Documents\Visual Studio 2015\Projects\VS2015C++\PolyCode\Asteroids Deluxe\Debug\vc120.pdb'; linking object as if no debug info
     1>libvorbisfiled.lib(vorbisfile.obj) : warning LNK4099: PDB 'vc120.pdb' was not found with 'libvorbisfiled.lib(vorbisfile.obj)' or at 'E:\Documents\Visual Studio 2015\Projects\VS2015C++\PolyCode\Asteroids Deluxe\Debug\vc120.pdb'; linking object as if no debug info
     1>physfsd.lib(physfs.obj) : warning LNK4099: PDB 'vc120.pdb' was not found with 'physfsd.lib(physfs.obj)' or at 'E:\Documents\Visual Studio 2015\Projects\VS2015C++\PolyCode\Asteroids Deluxe\Debug\vc120.pdb'; linking object as if no debug info
     1>physfsd.lib(physfs_byteorder.obj) : warning LNK4099: PDB 'vc120.pdb' was not found with 'physfsd.lib(physfs_byteorder.obj)' or at 'E:\Documents\Visual Studio 2015\Projects\VS2015C++\PolyCode\Asteroids Deluxe\Debug\vc120.pdb'; linking object as if no debug info
     1>physfsd.lib(physfs_unicode.obj) : warning LNK4099: PDB 'vc120.pdb' was not found with 'physfsd.lib(physfs_unicode.obj)' or at 'E:\Documents\Visual Studio 2015\Projects\VS2015C++\PolyCode\Asteroids Deluxe\Debug\vc120.pdb'; linking object as if no debug info
     1>physfsd.lib(windows.obj) : warning LNK4099: PDB 'vc120.pdb' was not found with 'physfsd.lib(windows.obj)' or at 'E:\Documents\Visual Studio 2015\Projects\VS2015C++\PolyCode\Asteroids Deluxe\Debug\vc120.pdb'; linking object as if no debug info
     1>physfsd.lib(dir.obj) : warning LNK4099: PDB 'vc120.pdb' was not found with 'physfsd.lib(dir.obj)' or at 'E:\Documents\Visual Studio 2015\Projects\VS2015C++\PolyCode\Asteroids Deluxe\Debug\vc120.pdb'; linking object as if no debug info
     1>physfsd.lib(grp.obj) : warning LNK4099: PDB 'vc120.pdb' was not found with 'physfsd.lib(grp.obj)' or at 'E:\Documents\Visual Studio 2015\Projects\VS2015C++\PolyCode\Asteroids Deluxe\Debug\vc120.pdb'; linking object as if no debug info
     1>physfsd.lib(hog.obj) : warning LNK4099: PDB 'vc120.pdb' was not found with 'physfsd.lib(hog.obj)' or at 'E:\Documents\Visual Studio 2015\Projects\VS2015C++\PolyCode\Asteroids Deluxe\Debug\vc120.pdb'; linking object as if no debug info
     1>physfsd.lib(lzma.obj) : warning LNK4099: PDB 'vc120.pdb' was not found with 'physfsd.lib(lzma.obj)' or at 'E:\Documents\Visual Studio 2015\Projects\VS2015C++\PolyCode\Asteroids Deluxe\Debug\vc120.pdb'; linking object as if no debug info
     1>physfsd.lib(mvl.obj) : warning LNK4099: PDB 'vc120.pdb' was not found with 'physfsd.lib(mvl.obj)' or at 'E:\Documents\Visual Studio 2015\Projects\VS2015C++\PolyCode\Asteroids Deluxe\Debug\vc120.pdb'; linking object as if no debug info
     1>physfsd.lib(qpak.obj) : warning LNK4099: PDB 'vc120.pdb' was not found with 'physfsd.lib(qpak.obj)' or at 'E:\Documents\Visual Studio 2015\Projects\VS2015C++\PolyCode\Asteroids Deluxe\Debug\vc120.pdb'; linking object as if no debug info
     1>physfsd.lib(wad.obj) : warning LNK4099: PDB 'vc120.pdb' was not found with 'physfsd.lib(wad.obj)' or at 'E:\Documents\Visual Studio 2015\Projects\VS2015C++\PolyCode\Asteroids Deluxe\Debug\vc120.pdb'; linking object as if no debug info
     1>physfsd.lib(zip.obj) : warning LNK4099: PDB 'vc120.pdb' was not found with 'physfsd.lib(zip.obj)' or at 'E:\Documents\Visual Studio 2015\Projects\VS2015C++\PolyCode\Asteroids Deluxe\Debug\vc120.pdb'; linking object as if no debug info
     1>physfsd.lib(7zCrc.obj) : warning LNK4099: PDB 'vc120.pdb' was not found with 'physfsd.lib(7zCrc.obj)' or at 'E:\Documents\Visual Studio 2015\Projects\VS2015C++\PolyCode\Asteroids Deluxe\Debug\vc120.pdb'; linking object as if no debug info
     1>physfsd.lib(7zBuffer.obj) : warning LNK4099: PDB 'vc120.pdb' was not found with 'physfsd.lib(7zBuffer.obj)' or at 'E:\Documents\Visual Studio 2015\Projects\VS2015C++\PolyCode\Asteroids Deluxe\Debug\vc120.pdb'; linking object as if no debug info
     1>physfsd.lib(7zDecode.obj) : warning LNK4099: PDB 'vc120.pdb' was not found with 'physfsd.lib(7zDecode.obj)' or at 'E:\Documents\Visual Studio 2015\Projects\VS2015C++\PolyCode\Asteroids Deluxe\Debug\vc120.pdb'; linking object as if no debug info
     1>physfsd.lib(7zExtract.obj) : warning LNK4099: PDB 'vc120.pdb' was not found with 'physfsd.lib(7zExtract.obj)' or at 'E:\Documents\Visual Studio 2015\Projects\VS2015C++\PolyCode\Asteroids Deluxe\Debug\vc120.pdb'; linking object as if no debug info
     1>physfsd.lib(7zHeader.obj) : warning LNK4099: PDB 'vc120.pdb' was not found with 'physfsd.lib(7zHeader.obj)' or at 'E:\Documents\Visual Studio 2015\Projects\VS2015C++\PolyCode\Asteroids Deluxe\Debug\vc120.pdb'; linking object as if no debug info
     1>physfsd.lib(7zIn.obj) : warning LNK4099: PDB 'vc120.pdb' was not found with 'physfsd.lib(7zIn.obj)' or at 'E:\Documents\Visual Studio 2015\Projects\VS2015C++\PolyCode\Asteroids Deluxe\Debug\vc120.pdb'; linking object as if no debug info
     1>physfsd.lib(7zItem.obj) : warning LNK4099: PDB 'vc120.pdb' was not found with 'physfsd.lib(7zItem.obj)' or at 'E:\Documents\Visual Studio 2015\Projects\VS2015C++\PolyCode\Asteroids Deluxe\Debug\vc120.pdb'; linking object as if no debug info
     1>physfsd.lib(BranchX86.obj) : warning LNK4099: PDB 'vc120.pdb' was not found with 'physfsd.lib(BranchX86.obj)' or at 'E:\Documents\Visual Studio 2015\Projects\VS2015C++\PolyCode\Asteroids Deluxe\Debug\vc120.pdb'; linking object as if no debug info
     1>physfsd.lib(BranchX86_2.obj) : warning LNK4099: PDB 'vc120.pdb' was not found with 'physfsd.lib(BranchX86_2.obj)' or at 'E:\Documents\Visual Studio 2015\Projects\VS2015C++\PolyCode\Asteroids Deluxe\Debug\vc120.pdb'; linking object as if no debug info
     1>physfsd.lib(LzmaDecode.obj) : warning LNK4099: PDB 'vc120.pdb' was not found with 'physfsd.lib(LzmaDecode.obj)' or at 'E:\Documents\Visual Studio 2015\Projects\VS2015C++\PolyCode\Asteroids Deluxe\Debug\vc120.pdb'; linking object as if no debug info
     1>libpng15_staticd.lib(png.obj) : warning LNK4099: PDB 'vc120.pdb' was not found with 'libpng15_staticd.lib(png.obj)' or at 'E:\Documents\Visual Studio 2015\Projects\VS2015C++\PolyCode\Asteroids Deluxe\Debug\vc120.pdb'; linking object as if no debug info
     1>libpng15_staticd.lib(pngerror.obj) : warning LNK4099: PDB 'vc120.pdb' was not found with 'libpng15_staticd.lib(pngerror.obj)' or at 'E:\Documents\Visual Studio 2015\Projects\VS2015C++\PolyCode\Asteroids Deluxe\Debug\vc120.pdb'; linking object as if no debug info
     1>libpng15_staticd.lib(pngget.obj) : warning LNK4099: PDB 'vc120.pdb' was not found with 'libpng15_staticd.lib(pngget.obj)' or at 'E:\Documents\Visual Studio 2015\Projects\VS2015C++\PolyCode\Asteroids Deluxe\Debug\vc120.pdb'; linking object as if no debug info
     1>libpng15_staticd.lib(pngmem.obj) : warning LNK4099: PDB 'vc120.pdb' was not found with 'libpng15_staticd.lib(pngmem.obj)' or at 'E:\Documents\Visual Studio 2015\Projects\VS2015C++\PolyCode\Asteroids Deluxe\Debug\vc120.pdb'; linking object as if no debug info
     1>libpng15_staticd.lib(pngread.obj) : warning LNK4099: PDB 'vc120.pdb' was not found with 'libpng15_staticd.lib(pngread.obj)' or at 'E:\Documents\Visual Studio 2015\Projects\VS2015C++\PolyCode\Asteroids Deluxe\Debug\vc120.pdb'; linking object as if no debug info
     1>libpng15_staticd.lib(pngrio.obj) : warning LNK4099: PDB 'vc120.pdb' was not found with 'libpng15_staticd.lib(pngrio.obj)' or at 'E:\Documents\Visual Studio 2015\Projects\VS2015C++\PolyCode\Asteroids Deluxe\Debug\vc120.pdb'; linking object as if no debug info
     1>libpng15_staticd.lib(pngrtran.obj) : warning LNK4099: PDB 'vc120.pdb' was not found with 'libpng15_staticd.lib(pngrtran.obj)' or at 'E:\Documents\Visual Studio 2015\Projects\VS2015C++\PolyCode\Asteroids Deluxe\Debug\vc120.pdb'; linking object as if no debug info
     1>libpng15_staticd.lib(pngrutil.obj) : warning LNK4099: PDB 'vc120.pdb' was not found with 'libpng15_staticd.lib(pngrutil.obj)' or at 'E:\Documents\Visual Studio 2015\Projects\VS2015C++\PolyCode\Asteroids Deluxe\Debug\vc120.pdb'; linking object as if no debug info
     1>libpng15_staticd.lib(pngset.obj) : warning LNK4099: PDB 'vc120.pdb' was not found with 'libpng15_staticd.lib(pngset.obj)' or at 'E:\Documents\Visual Studio 2015\Projects\VS2015C++\PolyCode\Asteroids Deluxe\Debug\vc120.pdb'; linking object as if no debug info
     1>libpng15_staticd.lib(pngtrans.obj) : warning LNK4099: PDB 'vc120.pdb' was not found with 'libpng15_staticd.lib(pngtrans.obj)' or at 'E:\Documents\Visual Studio 2015\Projects\VS2015C++\PolyCode\Asteroids Deluxe\Debug\vc120.pdb'; linking object as if no debug info
     1>libpng15_staticd.lib(pngwio.obj) : warning LNK4099: PDB 'vc120.pdb' was not found with 'libpng15_staticd.lib(pngwio.obj)' or at 'E:\Documents\Visual Studio 2015\Projects\VS2015C++\PolyCode\Asteroids Deluxe\Debug\vc120.pdb'; linking object as if no debug info
     1>libpng15_staticd.lib(pngwrite.obj) : warning LNK4099: PDB 'vc120.pdb' was not found with 'libpng15_staticd.lib(pngwrite.obj)' or at 'E:\Documents\Visual Studio 2015\Projects\VS2015C++\PolyCode\Asteroids Deluxe\Debug\vc120.pdb'; linking object as if no debug info
     1>libpng15_staticd.lib(pngwtran.obj) : warning LNK4099: PDB 'vc120.pdb' was not found with 'libpng15_staticd.lib(pngwtran.obj)' or at 'E:\Documents\Visual Studio 2015\Projects\VS2015C++\PolyCode\Asteroids Deluxe\Debug\vc120.pdb'; linking object as if no debug info
     1>libpng15_staticd.lib(pngwutil.obj) : warning LNK4099: PDB 'vc120.pdb' was not found with 'libpng15_staticd.lib(pngwutil.obj)' or at 'E:\Documents\Visual Studio 2015\Projects\VS2015C++\PolyCode\Asteroids Deluxe\Debug\vc120.pdb'; linking object as if no debug info
         Asteroids.vcxproj -> E:\Documents\Visual Studio 2015\Projects\VS2015C++\PolyCode\Asteroids Deluxe\Debug\AsteroidsDeluxe.exe
     1>Done Building Project "E:\Documents\Visual Studio 2015\Projects\VS2015C++\PolyCode\Asteroids Deluxe\AsteroidsDeluxe\Asteroids.vcxproj" (Build target(s)).

Build succeeded.

Time Elapsed 00:00:04.27
