e:\documents\visual studio 2015\projects\vs2015c++\polycode\asteroids\debug\asteroids.lib
e:\documents\visual studio 2015\projects\vs2015c++\polycode\asteroids\debug\asteroids.exp
e:\documents\visual studio 2015\projects\vs2015c++\polycode\asteroids\asteroids\debug\vc120.pdb
e:\documents\visual studio 2015\projects\vs2015c++\polycode\asteroids\asteroids\debug\vc120.idb
e:\documents\visual studio 2015\projects\vs2015c++\polycode\asteroids\asteroids\debug\asteroids.obj
e:\documents\visual studio 2015\projects\vs2015c++\polycode\asteroids\asteroids\debug\clear.obj
e:\documents\visual studio 2015\projects\vs2015c++\polycode\asteroids\asteroids\debug\hud.obj
e:\documents\visual studio 2015\projects\vs2015c++\polycode\asteroids\asteroids\debug\location.obj
e:\documents\visual studio 2015\projects\vs2015c++\polycode\asteroids\asteroids\debug\player.obj
e:\documents\visual studio 2015\projects\vs2015c++\polycode\asteroids\asteroids\debug\random.obj
e:\documents\visual studio 2015\projects\vs2015c++\polycode\asteroids\asteroids\debug\rock.obj
e:\documents\visual studio 2015\projects\vs2015c++\polycode\asteroids\asteroids\debug\rocks.obj
e:\documents\visual studio 2015\projects\vs2015c++\polycode\asteroids\asteroids\debug\shot.obj
e:\documents\visual studio 2015\projects\vs2015c++\polycode\asteroids\asteroids\debug\ufo.obj
e:\documents\visual studio 2015\projects\vs2015c++\polycode\asteroids\asteroids\debug\ufocontrol.obj
e:\documents\visual studio 2015\projects\vs2015c++\polycode\asteroids\asteroids\debug\winmain.obj
e:\documents\visual studio 2015\projects\vs2015c++\polycode\asteroids\asteroids\debug\explosion.obj
e:\documents\visual studio 2015\projects\vs2015c++\polycode\asteroids\asteroids\debug\dot.obj
e:\documents\visual studio 2015\projects\vs2015c++\polycode\asteroids\asteroids\debug\rockcontrol.obj
e:\documents\visual studio 2015\projects\vs2015c++\polycode\asteroids\debug\asteroids.ilk
e:\documents\visual studio 2015\projects\vs2015c++\polycode\asteroids\debug\asteroids.exe
e:\documents\visual studio 2015\projects\vs2015c++\polycode\asteroids\debug\asteroids.pdb
e:\documents\visual studio 2015\projects\vs2015c++\polycode\asteroids\asteroids\debug\asteroids.res
e:\documents\visual studio 2015\projects\vs2015c++\polycode\asteroids\asteroids\debug\resource.res
e:\documents\visual studio 2015\projects\vs2015c++\polycode\asteroids\asteroids\debug\asteroids.tlog\asteroids.write.1u.tlog
e:\documents\visual studio 2015\projects\vs2015c++\polycode\asteroids\asteroids\debug\asteroids.tlog\cl.command.1.tlog
e:\documents\visual studio 2015\projects\vs2015c++\polycode\asteroids\asteroids\debug\asteroids.tlog\cl.read.1.tlog
e:\documents\visual studio 2015\projects\vs2015c++\polycode\asteroids\asteroids\debug\asteroids.tlog\cl.write.1.tlog
e:\documents\visual studio 2015\projects\vs2015c++\polycode\asteroids\asteroids\debug\asteroids.tlog\link.command.1.tlog
e:\documents\visual studio 2015\projects\vs2015c++\polycode\asteroids\asteroids\debug\asteroids.tlog\link.read.1.tlog
e:\documents\visual studio 2015\projects\vs2015c++\polycode\asteroids\asteroids\debug\asteroids.tlog\link.write.1.tlog
e:\documents\visual studio 2015\projects\vs2015c++\polycode\asteroids\asteroids\debug\asteroids.tlog\rc.command.1.tlog
e:\documents\visual studio 2015\projects\vs2015c++\polycode\asteroids\asteroids\debug\asteroids.tlog\rc.read.1.tlog
e:\documents\visual studio 2015\projects\vs2015c++\polycode\asteroids\asteroids\debug\asteroids.tlog\rc.write.1.tlog
